<?xml version="1.0" encoding="UTF-8" ?>
<testsuite tests="2" failures="2" name="com.manomano.TestRunner" time="0.451" errors="0" skipped="0">
  <properties>
[...]
</properties>
  <testcase classname="com.manomano.TestRunner" name="runScenario" time="0.385">
    <failure message="org.openqa.selenium.remote.service.DriverService$Builder.createDriverService(Ljava/io/File;ILcom/google/common/collect/ImmutableList;Lcom/google/common/collect/ImmutableMap;)Lorg/openqa/selenium/remote/service/DriverService;" type="java.lang.AbstractMethodError">java.lang.AbstractMethodError: org.openqa.selenium.remote.service.DriverService$Builder.createDriverService(Ljava/io/File;ILcom/google/common/collect/ImmutableList;Lcom/google/common/collect/ImmutableMap;)Lorg/openqa/selenium/remote/service/DriverService;
	at org.openqa.selenium.remote.service.DriverService$Builder.build(DriverService.java:360)
	at org.openqa.selenium.chrome.ChromeDriverService.createDefaultService(ChromeDriverService.java:118)
	at org.openqa.selenium.chrome.ChromeDriver.&lt;init&gt;(ChromeDriver.java:105)
	at com.manomano.BaseClass.setDriver(BaseClass.java:13)
	at com.manomano.StepDefinitions.LoginStepDefs.setUp(LoginStepDefs.java:16)
</failure>
    <system-out>Configuring TestNG with: org.apache.maven.surefire.testng.conf.TestNG652Configurator@4fccd51b

Scenario:                                &amp;#27;[90m# src/test/ressources/features/Login.feature:2&amp;#27;[0m
      &amp;#27;[31mjava.lang.AbstractMethodError: org.openqa.selenium.remote.service.DriverService$Builder.createDriverService(Ljava/io/File;ILcom/google/common/collect/ImmutableList;Lcom/google/common/collect/ImmutableMap;)Lorg/openqa/selenium/remote/service/DriverService;
	at org.openqa.selenium.remote.service.DriverService$Builder.build(DriverService.java:360)
	at org.openqa.selenium.chrome.ChromeDriverService.createDefaultService(ChromeDriverService.java:118)
	at org.openqa.selenium.chrome.ChromeDriver.&lt;init&gt;(ChromeDriver.java:105)
	at com.manomano.BaseClass.setDriver(BaseClass.java:13)
	at com.manomano.StepDefinitions.LoginStepDefs.setUp(LoginStepDefs.java:16)
&amp;#27;[0m
  &amp;#27;[36mGiven &amp;#27;[0m&amp;#27;[36maller sur la page de connexion&amp;#27;[0m   &amp;#27;[90m# com.manomano.StepDefinitions.LoginStepDefs.GotoHomePage()&amp;#27;[0m
  &amp;#27;[36mAnd &amp;#27;[0m&amp;#27;[36mcliquer sur continuer avec google&amp;#27;[0m  &amp;#27;[90m# com.manomano.StepDefinitions.LoginStepDefs.clickContinueWithGoogle()&amp;#27;[0m
  &amp;#27;[36mWhen &amp;#27;[0m&amp;#27;[36mutilisateur selectionne le compte&amp;#27;[0m &amp;#27;[90m# com.manomano.StepDefinitions.LoginStepDefs.userSelectAccount()&amp;#27;[0m
  &amp;#27;[36mThen &amp;#27;[0m&amp;#27;[36mUser home page is display&amp;#27;[0m         &amp;#27;[90m# com.manomano.StepDefinitions.LoginStepDefs.userHomePageIsDisplay()&amp;#27;[0m
      &amp;#27;[31mjava.lang.NullPointerException
	at com.manomano.BaseClass.closeDriver(BaseClass.java:22)
	at com.manomano.StepDefinitions.LoginStepDefs.close(LoginStepDefs.java:21)
&amp;#27;[0m
</system-out>
  </testcase>
  <testcase classname="com.manomano.TestRunner" name="runScenario" time="0.066">
    <failure message="org.openqa.selenium.remote.service.DriverService$Builder.createDriverService(Ljava/io/File;ILcom/google/common/collect/ImmutableList;Lcom/google/common/collect/ImmutableMap;)Lorg/openqa/selenium/remote/service/DriverService;" type="java.lang.AbstractMethodError">java.lang.AbstractMethodError: org.openqa.selenium.remote.service.DriverService$Builder.createDriverService(Ljava/io/File;ILcom/google/common/collect/ImmutableList;Lcom/google/common/collect/ImmutableMap;)Lorg/openqa/selenium/remote/service/DriverService;
	at org.openqa.selenium.remote.service.DriverService$Builder.build(DriverService.java:360)
	at org.openqa.selenium.chrome.ChromeDriverService.createDefaultService(ChromeDriverService.java:118)
	at org.openqa.selenium.chrome.ChromeDriver.&lt;init&gt;(ChromeDriver.java:105)
	at com.manomano.BaseClass.setDriver(BaseClass.java:13)
	at com.manomano.StepDefinitions.LoginStepDefs.setUp(LoginStepDefs.java:16)
</failure>
    <system-out>
Scenario: Login Test                     &amp;#27;[90m# src/test/ressources/features/LoginTest.feature:2&amp;#27;[0m
      &amp;#27;[31mjava.lang.AbstractMethodError: org.openqa.selenium.remote.service.DriverService$Builder.createDriverService(Ljava/io/File;ILcom/google/common/collect/ImmutableList;Lcom/google/common/collect/ImmutableMap;)Lorg/openqa/selenium/remote/service/DriverService;
	at org.openqa.selenium.remote.service.DriverService$Builder.build(DriverService.java:360)
	at org.openqa.selenium.chrome.ChromeDriverService.createDefaultService(ChromeDriverService.java:118)
	at org.openqa.selenium.chrome.ChromeDriver.&lt;init&gt;(ChromeDriver.java:105)
	at com.manomano.BaseClass.setDriver(BaseClass.java:13)
	at com.manomano.StepDefinitions.LoginStepDefs.setUp(LoginStepDefs.java:16)
&amp;#27;[0m
  &amp;#27;[36mGiven &amp;#27;[0m&amp;#27;[36maller sur la page de connexion&amp;#27;[0m   &amp;#27;[90m# com.manomano.StepDefinitions.LoginStepDefs.GotoHomePage()&amp;#27;[0m
  &amp;#27;[36mAnd &amp;#27;[0m&amp;#27;[36mcliquer sur continuer avec google&amp;#27;[0m  &amp;#27;[90m# com.manomano.StepDefinitions.LoginStepDefs.clickContinueWithGoogle()&amp;#27;[0m
  &amp;#27;[36mWhen &amp;#27;[0m&amp;#27;[36mutilisateur selectionne le compte&amp;#27;[0m &amp;#27;[90m# com.manomano.StepDefinitions.LoginStepDefs.userSelectAccount()&amp;#27;[0m
  &amp;#27;[36mThen &amp;#27;[0m&amp;#27;[36mUser home page is display&amp;#27;[0m         &amp;#27;[90m# com.manomano.StepDefinitions.LoginStepDefs.userHomePageIsDisplay()&amp;#27;[0m
      &amp;#27;[31mjava.lang.NullPointerException
	at com.manomano.BaseClass.closeDriver(BaseClass.java:22)
	at com.manomano.StepDefinitions.LoginStepDefs.close(LoginStepDefs.java:21)
&amp;#27;[0m
</system-out>
  </testcase>
</testsuite>